[debug] [2023-08-10T20:58:24.721Z] ----------------------------------------------------------------------
[debug] [2023-08-10T20:58:24.726Z] Command:       C:\Program Files\nodejs\node.exe C:\Users\User\AppData\Roaming\npm\node_modules\firebase-tools\lib\bin\firebase.js deploy --only hosting:nikitosha
[debug] [2023-08-10T20:58:24.727Z] CLI Version:   12.4.6
[debug] [2023-08-10T20:58:24.728Z] Platform:      win32
[debug] [2023-08-10T20:58:24.728Z] Node Version:  v19.6.0
[debug] [2023-08-10T20:58:24.728Z] Time:          Thu Aug 10 2023 23:58:24 GMT+0300 (Москва, стандартное время)
[debug] [2023-08-10T20:58:24.728Z] ----------------------------------------------------------------------
[debug] 
[debug] [2023-08-10T20:58:24.833Z] > command requires scopes: ["email","openid","https://www.googleapis.com/auth/cloudplatformprojects.readonly","https://www.googleapis.com/auth/firebase","https://www.googleapis.com/auth/cloud-platform"]
[debug] [2023-08-10T20:58:24.834Z] > authorizing via signed-in user (art.artem.nik@gmail.com)
[debug] [2023-08-10T20:58:24.834Z] [iam] checking project ohnoportfolio for permissions ["firebase.projects.get","firebasehosting.sites.update"]
[debug] [2023-08-10T20:58:24.837Z] >>> [apiv2][query] POST https://cloudresourcemanager.googleapis.com/v1/projects/ohnoportfolio:testIamPermissions [none]
[debug] [2023-08-10T20:58:24.837Z] >>> [apiv2][(partial)header] POST https://cloudresourcemanager.googleapis.com/v1/projects/ohnoportfolio:testIamPermissions x-goog-quota-user=projects/ohnoportfolio
[debug] [2023-08-10T20:58:24.838Z] >>> [apiv2][body] POST https://cloudresourcemanager.googleapis.com/v1/projects/ohnoportfolio:testIamPermissions {"permissions":["firebase.projects.get","firebasehosting.sites.update"]}
[debug] [2023-08-10T20:58:25.766Z] <<< [apiv2][status] POST https://cloudresourcemanager.googleapis.com/v1/projects/ohnoportfolio:testIamPermissions 200
[debug] [2023-08-10T20:58:25.767Z] <<< [apiv2][body] POST https://cloudresourcemanager.googleapis.com/v1/projects/ohnoportfolio:testIamPermissions {"permissions":["firebase.projects.get","firebasehosting.sites.update"]}
[debug] [2023-08-10T20:58:25.768Z] >>> [apiv2][query] GET https://firebase.googleapis.com/v1beta1/projects/ohnoportfolio [none]
[debug] [2023-08-10T20:58:26.247Z] <<< [apiv2][status] GET https://firebase.googleapis.com/v1beta1/projects/ohnoportfolio 200
[debug] [2023-08-10T20:58:26.247Z] <<< [apiv2][body] GET https://firebase.googleapis.com/v1beta1/projects/ohnoportfolio {"projectId":"ohnoportfolio","projectNumber":"348242359035","displayName":"ohNoPortfolio","name":"projects/ohnoportfolio","resources":{"hostingSite":"ohnoportfolio"},"state":"ACTIVE","etag":"1_35e15ce0-2089-4ae6-9cc7-1fbe5c676e2e"}
[info] 
[info] === Deploying to 'ohnoportfolio'...
[info] 
[info] i  deploying hosting 
[debug] [2023-08-10T20:58:26.259Z] >>> [apiv2][query] POST https://firebasehosting.googleapis.com/v1beta1/projects/-/sites/nikitosha/versions [none]
[debug] [2023-08-10T20:58:26.259Z] >>> [apiv2][body] POST https://firebasehosting.googleapis.com/v1beta1/projects/-/sites/nikitosha/versions {"status":"CREATED","labels":{"deployment-tool":"cli-firebase"}}
[debug] [2023-08-10T20:58:27.508Z] <<< [apiv2][status] POST https://firebasehosting.googleapis.com/v1beta1/projects/-/sites/nikitosha/versions 200
[debug] [2023-08-10T20:58:27.508Z] <<< [apiv2][body] POST https://firebasehosting.googleapis.com/v1beta1/projects/-/sites/nikitosha/versions {"name":"projects/348242359035/sites/nikitosha/versions/4282232d23f0ec3e","status":"CREATED","config":{},"labels":{"deployment-tool":"cli-firebase"}}
[info] i  hosting[nikitosha]: beginning deploy... 
[info] i  hosting[nikitosha]: found 28 files in build 
[debug] [2023-08-10T20:58:27.526Z] [hosting] uploading with 200 concurrency
[debug] [2023-08-10T20:58:27.736Z] [hosting] hash cache [YnVpbGQ] stored for 28 files
[debug] [2023-08-10T20:58:27.736Z] [hosting][hash queue][FINAL] {"max":199,"min":5,"avg":41.785714285714285,"active":0,"complete":28,"success":28,"errored":0,"retried":0,"total":28,"elapsed":207}
[debug] [2023-08-10T20:58:27.737Z] >>> [apiv2][query] POST https://firebasehosting.googleapis.com/v1beta1/projects/348242359035/sites/nikitosha/versions/4282232d23f0ec3e:populateFiles [none]
[debug] [2023-08-10T20:58:27.737Z] >>> [apiv2][body] POST https://firebasehosting.googleapis.com/v1beta1/projects/348242359035/sites/nikitosha/versions/4282232d23f0ec3e:populateFiles {"files":{"/favicon.ico":"eae62e993eb980ec8a25058c39d5a51feab118bd2100c4deebb2a9c158ec11f9","/logo192.png":"3ee59515172ee198f3be375979df15ac5345183e656720a381b8872b2a39dc8b","/logo512.png":"ee7e2f3fdb8209c4b6fd7bef6ba50d1b9dba30a25bb5c3126df057e1cb6f5331","/manifest.json":"5c997de1364b8be939319fa9209abd77f2caf7f8844999a9e2e9173f844e7840","/robots.txt":"b2090cf9761ef60aa06e4fab97679bd43dfa5e5df073701ead5879d7c68f1ec5","/fonts/BebasNeue.ttf":"b4184a7f347efb2dc854f78bedd6ab6235fca27ab041731bb670eebafe528705","/fonts/Montserrat-Regular.ttf":"a8b01a9b4787f5751bcfe81641d380ee987109878642e423c44428637b85284e","/fonts/SuperMario.otf":"dd062f51bf50b167ff4f4a940b294e8d1900323d4806a6de042b6e8c7fd6085a","/asset-manifest.json":"aea83495d72152df9914fb12fa969652e813da643504caf4804fcf3fb4d9200c","/index.html":"d654626ab6c54ffec3318785b892eebbef3f2630d67e77989715808e90f35d55","/static/js/main.95b3a628.js.LICENSE.txt":"72ed3d15c644bb40fa581c3824f4737bb2c50c56f637b8d15b0d4ff86bf627d9","/static/css/main.06b25282.css.map":"230fa1e6a48340bb9e531ed711ca6641a4e1485a60666243471b17097d38460f","/static/css/main.06b25282.css":"81a6e77a6eb9c346db65cb46068aece922b70b79675aa31711221d1e02ac4bb4","/static/media/SuperMario.f3f10d5c8ca722bba382.otf":"dd062f51bf50b167ff4f4a940b294e8d1900323d4806a6de042b6e8c7fd6085a","/static/media/amNam2.edb0a1802d6da65d977b.png":"1b6d34ad3af220a484cc85e6c67a124ad07728a4636cebbf438e66b24e572a15","/static/media/amNam1.5979a9869dee23225b54.png":"d8a2db9710187e57b90a857305d7185e56ec3bef8e5410b815380ef3e7fb7ba8","/static/media/amNam5.4d74cf3fe12c3cc0d649.png":"be6db0d1cce19c0f5e48b2dfcaf4e30d36512926a70acf14bddd0b65e3d007d4","/static/media/BebasNeue.ea0a2d99a89950317a4f.ttf":"b4184a7f347efb2dc854f78bedd6ab6235fca27ab041731bb670eebafe528705","/static/media/amNam3.81065adbb054de541f4c.png":"d5b91b767f4ae548e7f0c8eb9511afad0de8d81451a5c8361f2e98fbad091873","/static/js/main.95b3a628.js":"250aede539223ea25e9ec7ea7e9aa75fd52d7765e2febdd22c36531bfb60a8a9","/static/media/avatar.acba442f52cfd215f272.png":"13f37f964e817badef947ad1addbad57b0ed998d4ad6efa83fe8462378b03768","/static/media/dino.29f7e5ebe0c0a32b42fe.webp":"dec8ab52faea919545d337183f908ed7b2ecc03175647abcbb9559cfe9c2f8e0","/static/media/Montserrat-Regular.ceb11275ab638627a643.ttf":"a8b01a9b4787f5751bcfe81641d380ee987109878642e423c44428637b85284e","/static/media/omNomClick.1084bc2c418d8e5d0fce.gif":"cb89d90aeb1453f6b02286dcca0d22db24198c4ce8085cb19dad03f5e216c162","/static/media/weatherApp.848c72ef5ff944fdea34.png":"3456829b8655e69d3febf69437f90ad625d4ecc7ae7d260945080c21d2dc9c6d","/static/media/docFlow.1f4edd9a57fef302ff91.png":"c3a5b2d0c3331a1aff49109dd00c385c9d7546e581c614ffed072350c93a4b82","/static/media/eDelivery.e7f496a6dabaef5d109b.png":"47ba02d3160a5725ed99d61e850ebefe0f326de492a455fbd8693d138fd25eff","/static/js/main.95b3a628.js.map":"0aa4567b5aa01a5a858c532a22bbbf5f4cc20ee3bd38eb30b61da8e5d1ed63aa"}}
[debug] [2023-08-10T20:58:28.051Z] <<< [apiv2][status] POST https://firebasehosting.googleapis.com/v1beta1/projects/348242359035/sites/nikitosha/versions/4282232d23f0ec3e:populateFiles 200
[debug] [2023-08-10T20:58:28.051Z] <<< [apiv2][body] POST https://firebasehosting.googleapis.com/v1beta1/projects/348242359035/sites/nikitosha/versions/4282232d23f0ec3e:populateFiles {"uploadRequiredHashes":["aea83495d72152df9914fb12fa969652e813da643504caf4804fcf3fb4d9200c","81a6e77a6eb9c346db65cb46068aece922b70b79675aa31711221d1e02ac4bb4","d654626ab6c54ffec3318785b892eebbef3f2630d67e77989715808e90f35d55","230fa1e6a48340bb9e531ed711ca6641a4e1485a60666243471b17097d38460f"],"uploadUrl":"https://upload-firebasehosting.googleapis.com/upload/sites/nikitosha/versions/4282232d23f0ec3e/files"}
[debug] [2023-08-10T20:58:28.053Z] >>> [apiv2][query] POST https://upload-firebasehosting.googleapis.com/upload/sites/nikitosha/versions/4282232d23f0ec3e/files/aea83495d72152df9914fb12fa969652e813da643504caf4804fcf3fb4d9200c [none]
[debug] [2023-08-10T20:58:28.053Z] >>> [apiv2][body] POST https://upload-firebasehosting.googleapis.com/upload/sites/nikitosha/versions/4282232d23f0ec3e/files/aea83495d72152df9914fb12fa969652e813da643504caf4804fcf3fb4d9200c [stream]
[debug] [2023-08-10T20:58:28.055Z] >>> [apiv2][query] POST https://upload-firebasehosting.googleapis.com/upload/sites/nikitosha/versions/4282232d23f0ec3e/files/81a6e77a6eb9c346db65cb46068aece922b70b79675aa31711221d1e02ac4bb4 [none]
[debug] [2023-08-10T20:58:28.055Z] >>> [apiv2][body] POST https://upload-firebasehosting.googleapis.com/upload/sites/nikitosha/versions/4282232d23f0ec3e/files/81a6e77a6eb9c346db65cb46068aece922b70b79675aa31711221d1e02ac4bb4 [stream]
[debug] [2023-08-10T20:58:28.057Z] >>> [apiv2][query] POST https://upload-firebasehosting.googleapis.com/upload/sites/nikitosha/versions/4282232d23f0ec3e/files/d654626ab6c54ffec3318785b892eebbef3f2630d67e77989715808e90f35d55 [none]
[debug] [2023-08-10T20:58:28.057Z] >>> [apiv2][body] POST https://upload-firebasehosting.googleapis.com/upload/sites/nikitosha/versions/4282232d23f0ec3e/files/d654626ab6c54ffec3318785b892eebbef3f2630d67e77989715808e90f35d55 [stream]
[debug] [2023-08-10T20:58:28.058Z] >>> [apiv2][query] POST https://upload-firebasehosting.googleapis.com/upload/sites/nikitosha/versions/4282232d23f0ec3e/files/230fa1e6a48340bb9e531ed711ca6641a4e1485a60666243471b17097d38460f [none]
[debug] [2023-08-10T20:58:28.058Z] >>> [apiv2][body] POST https://upload-firebasehosting.googleapis.com/upload/sites/nikitosha/versions/4282232d23f0ec3e/files/230fa1e6a48340bb9e531ed711ca6641a4e1485a60666243471b17097d38460f [stream]
[debug] [2023-08-10T20:58:28.060Z] [hosting][populate queue][FINAL] {"max":320,"min":320,"avg":320,"active":0,"complete":1,"success":1,"errored":0,"retried":0,"total":1,"elapsed":327}
[debug] [2023-08-10T20:58:28.060Z] [hosting] uploads queued: 4
